<?xml version="1.0" encoding="UTF-8"?>
<testng-results ignored="0" total="1" passed="1" failed="0" skipped="0">
  <reporter-output>
  </reporter-output>
  <suite started-at="2023-06-25T22:07:45 IST" name="Default suite" finished-at="2023-06-25T22:07:59 IST" duration-ms="14567">
    <groups>
    </groups>
    <test started-at="2023-06-25T22:07:45 IST" name="Default test" finished-at="2023-06-25T22:07:59 IST" duration-ms="14567">
      <class name="seleniumpkg1.Seleniumproj1$LoginAutomation">
        <test-method signature="login()[pri:0, instance:seleniumpkg1.Seleniumproj1$LoginAutomation@7f0eb4b4]" started-at="2023-06-25T22:07:45 IST" name="login" finished-at="2023-06-25T22:07:59 IST" duration-ms="14487" status="PASS">
          <reporter-output>
          </reporter-output>
        </test-method> <!-- login -->
      </class> <!-- seleniumpkg1.Seleniumproj1$LoginAutomation -->
    </test> <!-- Default test -->
  </suite> <!-- Default suite -->
</testng-results>
